2020-08-02 00:04:04,140 [main] INFO  [org.it.finalwork.Application] StartupInfoLogger.java:50 - Starting Application on wucp-PC with PID 28529 (started by wucp in /home/wucp/桌面/spring-boot-starter)
2020-08-02 00:04:04,155 [main] INFO  [org.it.finalwork.Application] SpringApplication.java:675 - No active profile set, falling back to default profiles: default
2020-08-02 00:04:08,238 [main] INFO  [o.s.boot.web.embedded.tomcat.TomcatWebServer] TomcatWebServer.java:90 - Tomcat initialized with port(s): 8081 (http)
2020-08-02 00:04:08,276 [main] INFO  [org.apache.coyote.http11.Http11NioProtocol] DirectJDKLog.java:173 - Initializing ProtocolHandler ["http-nio-8081"]
2020-08-02 00:04:08,309 [main] INFO  [org.apache.catalina.core.StandardService] DirectJDKLog.java:173 - Starting service [Tomcat]
2020-08-02 00:04:08,310 [main] INFO  [org.apache.catalina.core.StandardEngine] DirectJDKLog.java:173 - Starting Servlet engine: [Apache Tomcat/9.0.17]
2020-08-02 00:04:08,566 [main] INFO  [o.a.c.core.ContainerBase.[Tomcat].[localhost].[/]] DirectJDKLog.java:173 - Initializing Spring embedded WebApplicationContext
2020-08-02 00:04:08,567 [main] INFO  [org.springframework.web.context.ContextLoader] ServletWebServerApplicationContext.java:296 - Root WebApplicationContext: initialization completed in 4335 ms
2020-08-02 00:04:09,276 [main] INFO  [o.s.scheduling.concurrent.ThreadPoolTaskExecutor] ExecutorConfigurationSupport.java:171 - Initializing ExecutorService 'applicationTaskExecutor'
2020-08-02 00:04:10,945 [main] INFO  [o.s.b.actuate.endpoint.web.EndpointLinksResolver] EndpointLinksResolver.java:59 - Exposing 2 endpoint(s) beneath base path '/actuator'
2020-08-02 00:04:11,427 [main] INFO  [org.apache.coyote.http11.Http11NioProtocol] DirectJDKLog.java:173 - Starting ProtocolHandler ["http-nio-8081"]
2020-08-02 00:04:11,641 [main] INFO  [o.s.boot.web.embedded.tomcat.TomcatWebServer] TomcatWebServer.java:204 - Tomcat started on port(s): 8081 (http) with context path ''
2020-08-02 00:04:11,652 [main] INFO  [org.it.finalwork.Application] StartupInfoLogger.java:59 - Started Application in 8.734 seconds (JVM running for 13.314)
2020-08-02 00:04:12,109 [RMI TCP Connection(2)-127.0.0.1] INFO  [o.a.c.core.ContainerBase.[Tomcat].[localhost].[/]] DirectJDKLog.java:173 - Initializing Spring DispatcherServlet 'dispatcherServlet'
2020-08-02 00:04:12,116 [RMI TCP Connection(2)-127.0.0.1] INFO  [org.springframework.web.servlet.DispatcherServlet] FrameworkServlet.java:524 - Initializing Servlet 'dispatcherServlet'
2020-08-02 00:04:12,151 [RMI TCP Connection(2)-127.0.0.1] INFO  [org.springframework.web.servlet.DispatcherServlet] FrameworkServlet.java:546 - Completed initialization in 34 ms
2020-08-02 00:12:34,088 [main] INFO  [org.it.finalwork.Application] StartupInfoLogger.java:50 - Starting Application on wucp-PC with PID 7835 (started by wucp in /home/wucp/桌面/spring-boot-starter)
2020-08-02 00:12:34,090 [main] INFO  [org.it.finalwork.Application] SpringApplication.java:675 - No active profile set, falling back to default profiles: default
2020-08-02 00:12:35,487 [main] INFO  [o.s.boot.web.embedded.tomcat.TomcatWebServer] TomcatWebServer.java:90 - Tomcat initialized with port(s): 8081 (http)
2020-08-02 00:12:35,504 [main] INFO  [org.apache.coyote.http11.Http11NioProtocol] DirectJDKLog.java:173 - Initializing ProtocolHandler ["http-nio-8081"]
2020-08-02 00:12:35,518 [main] INFO  [org.apache.catalina.core.StandardService] DirectJDKLog.java:173 - Starting service [Tomcat]
2020-08-02 00:12:35,518 [main] INFO  [org.apache.catalina.core.StandardEngine] DirectJDKLog.java:173 - Starting Servlet engine: [Apache Tomcat/9.0.17]
2020-08-02 00:12:35,607 [main] INFO  [o.a.c.core.ContainerBase.[Tomcat].[localhost].[/]] DirectJDKLog.java:173 - Initializing Spring embedded WebApplicationContext
2020-08-02 00:12:35,607 [main] INFO  [org.springframework.web.context.ContextLoader] ServletWebServerApplicationContext.java:296 - Root WebApplicationContext: initialization completed in 1468 ms
2020-08-02 00:12:36,110 [main] INFO  [o.s.scheduling.concurrent.ThreadPoolTaskExecutor] ExecutorConfigurationSupport.java:171 - Initializing ExecutorService 'applicationTaskExecutor'
2020-08-02 00:12:36,504 [main] INFO  [o.s.b.actuate.endpoint.web.EndpointLinksResolver] EndpointLinksResolver.java:59 - Exposing 2 endpoint(s) beneath base path '/actuator'
2020-08-02 00:12:36,550 [main] INFO  [org.apache.coyote.http11.Http11NioProtocol] DirectJDKLog.java:173 - Starting ProtocolHandler ["http-nio-8081"]
2020-08-02 00:12:36,569 [main] INFO  [o.s.boot.web.embedded.tomcat.TomcatWebServer] TomcatWebServer.java:204 - Tomcat started on port(s): 8081 (http) with context path ''
2020-08-02 00:12:36,572 [main] INFO  [org.it.finalwork.Application] StartupInfoLogger.java:59 - Started Application in 3.498 seconds (JVM running for 5.712)
2020-08-02 00:12:36,941 [RMI TCP Connection(3)-127.0.0.1] INFO  [o.a.c.core.ContainerBase.[Tomcat].[localhost].[/]] DirectJDKLog.java:173 - Initializing Spring DispatcherServlet 'dispatcherServlet'
2020-08-02 00:12:36,941 [RMI TCP Connection(3)-127.0.0.1] INFO  [org.springframework.web.servlet.DispatcherServlet] FrameworkServlet.java:524 - Initializing Servlet 'dispatcherServlet'
2020-08-02 00:12:36,951 [RMI TCP Connection(3)-127.0.0.1] INFO  [org.springframework.web.servlet.DispatcherServlet] FrameworkServlet.java:546 - Completed initialization in 9 ms
2020-08-02 00:15:57,858 [Thread-11] INFO  [o.s.scheduling.concurrent.ThreadPoolTaskExecutor] ExecutorConfigurationSupport.java:208 - Shutting down ExecutorService 'applicationTaskExecutor'
2020-08-02 00:16:10,048 [main] INFO  [org.it.finalwork.Application] StartupInfoLogger.java:50 - Starting Application on wucp-PC with PID 8751 (started by wucp in /home/wucp/桌面/spring-boot-starter)
2020-08-02 00:16:10,053 [main] INFO  [org.it.finalwork.Application] SpringApplication.java:675 - No active profile set, falling back to default profiles: default
2020-08-02 00:16:12,560 [main] INFO  [o.s.boot.web.embedded.tomcat.TomcatWebServer] TomcatWebServer.java:90 - Tomcat initialized with port(s): 8081 (http)
2020-08-02 00:16:12,586 [main] INFO  [org.apache.coyote.http11.Http11NioProtocol] DirectJDKLog.java:173 - Initializing ProtocolHandler ["http-nio-8081"]
2020-08-02 00:16:12,605 [main] INFO  [org.apache.catalina.core.StandardService] DirectJDKLog.java:173 - Starting service [Tomcat]
2020-08-02 00:16:12,605 [main] INFO  [org.apache.catalina.core.StandardEngine] DirectJDKLog.java:173 - Starting Servlet engine: [Apache Tomcat/9.0.17]
2020-08-02 00:16:12,792 [main] INFO  [o.a.c.core.ContainerBase.[Tomcat].[localhost].[/]] DirectJDKLog.java:173 - Initializing Spring embedded WebApplicationContext
2020-08-02 00:16:12,793 [main] INFO  [org.springframework.web.context.ContextLoader] ServletWebServerApplicationContext.java:296 - Root WebApplicationContext: initialization completed in 2644 ms
2020-08-02 00:16:13,710 [main] INFO  [o.s.scheduling.concurrent.ThreadPoolTaskExecutor] ExecutorConfigurationSupport.java:171 - Initializing ExecutorService 'applicationTaskExecutor'
2020-08-02 00:16:14,207 [main] INFO  [o.s.b.actuate.endpoint.web.EndpointLinksResolver] EndpointLinksResolver.java:59 - Exposing 2 endpoint(s) beneath base path '/actuator'
2020-08-02 00:16:14,266 [main] INFO  [org.apache.coyote.http11.Http11NioProtocol] DirectJDKLog.java:173 - Starting ProtocolHandler ["http-nio-8081"]
2020-08-02 00:16:14,288 [main] INFO  [o.s.boot.web.embedded.tomcat.TomcatWebServer] TomcatWebServer.java:204 - Tomcat started on port(s): 8081 (http) with context path ''
2020-08-02 00:16:14,291 [main] INFO  [org.it.finalwork.Application] StartupInfoLogger.java:59 - Started Application in 5.614 seconds (JVM running for 8.207)
2020-08-02 00:16:14,889 [RMI TCP Connection(4)-127.0.0.1] INFO  [o.a.c.core.ContainerBase.[Tomcat].[localhost].[/]] DirectJDKLog.java:173 - Initializing Spring DispatcherServlet 'dispatcherServlet'
2020-08-02 00:16:14,890 [RMI TCP Connection(4)-127.0.0.1] INFO  [org.springframework.web.servlet.DispatcherServlet] FrameworkServlet.java:524 - Initializing Servlet 'dispatcherServlet'
2020-08-02 00:16:14,903 [RMI TCP Connection(4)-127.0.0.1] INFO  [org.springframework.web.servlet.DispatcherServlet] FrameworkServlet.java:546 - Completed initialization in 12 ms
2020-08-02 00:16:23,039 [Thread-16] INFO  [o.s.scheduling.concurrent.ThreadPoolTaskExecutor] ExecutorConfigurationSupport.java:208 - Shutting down ExecutorService 'applicationTaskExecutor'
2020-08-02 00:19:23,399 [main] INFO  [org.it.finalwork.Application] StartupInfoLogger.java:50 - Starting Application on wucp-PC with PID 9657 (started by wucp in /home/wucp/桌面/spring-boot-starter)
2020-08-02 00:19:23,402 [main] INFO  [org.it.finalwork.Application] SpringApplication.java:675 - No active profile set, falling back to default profiles: default
2020-08-02 00:19:24,782 [main] INFO  [o.s.boot.web.embedded.tomcat.TomcatWebServer] TomcatWebServer.java:90 - Tomcat initialized with port(s): 8081 (http)
2020-08-02 00:19:24,800 [main] INFO  [org.apache.coyote.http11.Http11NioProtocol] DirectJDKLog.java:173 - Initializing ProtocolHandler ["http-nio-8081"]
2020-08-02 00:19:24,814 [main] INFO  [org.apache.catalina.core.StandardService] DirectJDKLog.java:173 - Starting service [Tomcat]
2020-08-02 00:19:24,814 [main] INFO  [org.apache.catalina.core.StandardEngine] DirectJDKLog.java:173 - Starting Servlet engine: [Apache Tomcat/9.0.17]
2020-08-02 00:19:24,909 [main] INFO  [o.a.c.core.ContainerBase.[Tomcat].[localhost].[/]] DirectJDKLog.java:173 - Initializing Spring embedded WebApplicationContext
2020-08-02 00:19:24,910 [main] INFO  [org.springframework.web.context.ContextLoader] ServletWebServerApplicationContext.java:296 - Root WebApplicationContext: initialization completed in 1454 ms
2020-08-02 00:19:25,375 [main] INFO  [o.s.scheduling.concurrent.ThreadPoolTaskExecutor] ExecutorConfigurationSupport.java:171 - Initializing ExecutorService 'applicationTaskExecutor'
2020-08-02 00:19:25,726 [main] INFO  [o.s.b.actuate.endpoint.web.EndpointLinksResolver] EndpointLinksResolver.java:59 - Exposing 2 endpoint(s) beneath base path '/actuator'
2020-08-02 00:19:25,774 [main] INFO  [org.apache.coyote.http11.Http11NioProtocol] DirectJDKLog.java:173 - Starting ProtocolHandler ["http-nio-8081"]
2020-08-02 00:19:25,792 [main] INFO  [o.s.boot.web.embedded.tomcat.TomcatWebServer] TomcatWebServer.java:204 - Tomcat started on port(s): 8081 (http) with context path ''
2020-08-02 00:19:25,794 [main] INFO  [org.it.finalwork.Application] StartupInfoLogger.java:59 - Started Application in 3.393 seconds (JVM running for 6.202)
2020-08-02 00:19:26,122 [RMI TCP Connection(5)-127.0.0.1] INFO  [o.a.c.core.ContainerBase.[Tomcat].[localhost].[/]] DirectJDKLog.java:173 - Initializing Spring DispatcherServlet 'dispatcherServlet'
2020-08-02 00:19:26,122 [RMI TCP Connection(5)-127.0.0.1] INFO  [org.springframework.web.servlet.DispatcherServlet] FrameworkServlet.java:524 - Initializing Servlet 'dispatcherServlet'
2020-08-02 00:19:26,132 [RMI TCP Connection(5)-127.0.0.1] INFO  [org.springframework.web.servlet.DispatcherServlet] FrameworkServlet.java:546 - Completed initialization in 8 ms
2020-08-02 00:20:11,695 [Thread-13] INFO  [o.s.scheduling.concurrent.ThreadPoolTaskExecutor] ExecutorConfigurationSupport.java:208 - Shutting down ExecutorService 'applicationTaskExecutor'
2020-08-02 00:22:13,327 [main] INFO  [org.it.finalwork.Application] StartupInfoLogger.java:50 - Starting Application on wucp-PC with PID 10431 (started by wucp in /home/wucp/桌面/spring-boot-starter)
2020-08-02 00:22:13,330 [main] INFO  [org.it.finalwork.Application] SpringApplication.java:675 - No active profile set, falling back to default profiles: default
2020-08-02 00:22:14,866 [main] INFO  [o.s.boot.web.embedded.tomcat.TomcatWebServer] TomcatWebServer.java:90 - Tomcat initialized with port(s): 8081 (http)
2020-08-02 00:22:14,884 [main] INFO  [org.apache.coyote.http11.Http11NioProtocol] DirectJDKLog.java:173 - Initializing ProtocolHandler ["http-nio-8081"]
2020-08-02 00:22:14,898 [main] INFO  [org.apache.catalina.core.StandardService] DirectJDKLog.java:173 - Starting service [Tomcat]
2020-08-02 00:22:14,898 [main] INFO  [org.apache.catalina.core.StandardEngine] DirectJDKLog.java:173 - Starting Servlet engine: [Apache Tomcat/9.0.17]
2020-08-02 00:22:14,998 [main] INFO  [o.a.c.core.ContainerBase.[Tomcat].[localhost].[/]] DirectJDKLog.java:173 - Initializing Spring embedded WebApplicationContext
2020-08-02 00:22:14,998 [main] INFO  [org.springframework.web.context.ContextLoader] ServletWebServerApplicationContext.java:296 - Root WebApplicationContext: initialization completed in 1630 ms
2020-08-02 00:22:15,485 [main] INFO  [o.s.scheduling.concurrent.ThreadPoolTaskExecutor] ExecutorConfigurationSupport.java:171 - Initializing ExecutorService 'applicationTaskExecutor'
2020-08-02 00:22:16,030 [main] INFO  [o.s.b.actuate.endpoint.web.EndpointLinksResolver] EndpointLinksResolver.java:59 - Exposing 2 endpoint(s) beneath base path '/actuator'
2020-08-02 00:22:16,078 [main] INFO  [org.apache.coyote.http11.Http11NioProtocol] DirectJDKLog.java:173 - Starting ProtocolHandler ["http-nio-8081"]
2020-08-02 00:22:16,103 [main] INFO  [o.s.boot.web.embedded.tomcat.TomcatWebServer] TomcatWebServer.java:204 - Tomcat started on port(s): 8081 (http) with context path ''
2020-08-02 00:22:16,106 [main] INFO  [org.it.finalwork.Application] StartupInfoLogger.java:59 - Started Application in 3.655 seconds (JVM running for 5.731)
2020-08-02 00:22:16,548 [RMI TCP Connection(3)-127.0.0.1] INFO  [o.a.c.core.ContainerBase.[Tomcat].[localhost].[/]] DirectJDKLog.java:173 - Initializing Spring DispatcherServlet 'dispatcherServlet'
2020-08-02 00:22:16,549 [RMI TCP Connection(3)-127.0.0.1] INFO  [org.springframework.web.servlet.DispatcherServlet] FrameworkServlet.java:524 - Initializing Servlet 'dispatcherServlet'
2020-08-02 00:22:16,559 [RMI TCP Connection(3)-127.0.0.1] INFO  [org.springframework.web.servlet.DispatcherServlet] FrameworkServlet.java:546 - Completed initialization in 9 ms
2020-08-02 00:22:47,002 [Thread-12] INFO  [o.s.scheduling.concurrent.ThreadPoolTaskExecutor] ExecutorConfigurationSupport.java:208 - Shutting down ExecutorService 'applicationTaskExecutor'
2020-08-02 00:23:37,568 [main] INFO  [org.it.finalwork.Application] StartupInfoLogger.java:50 - Starting Application on wucp-PC with PID 10921 (started by wucp in /home/wucp/桌面/spring-boot-starter)
2020-08-02 00:23:37,574 [main] INFO  [org.it.finalwork.Application] SpringApplication.java:675 - No active profile set, falling back to default profiles: default
2020-08-02 00:23:39,181 [main] INFO  [o.s.boot.web.embedded.tomcat.TomcatWebServer] TomcatWebServer.java:90 - Tomcat initialized with port(s): 8081 (http)
2020-08-02 00:23:39,215 [main] INFO  [org.apache.coyote.http11.Http11NioProtocol] DirectJDKLog.java:173 - Initializing ProtocolHandler ["http-nio-8081"]
2020-08-02 00:23:39,253 [main] INFO  [org.apache.catalina.core.StandardService] DirectJDKLog.java:173 - Starting service [Tomcat]
2020-08-02 00:23:39,254 [main] INFO  [org.apache.catalina.core.StandardEngine] DirectJDKLog.java:173 - Starting Servlet engine: [Apache Tomcat/9.0.17]
2020-08-02 00:23:39,437 [main] INFO  [o.a.c.core.ContainerBase.[Tomcat].[localhost].[/]] DirectJDKLog.java:173 - Initializing Spring embedded WebApplicationContext
2020-08-02 00:23:39,439 [main] INFO  [org.springframework.web.context.ContextLoader] ServletWebServerApplicationContext.java:296 - Root WebApplicationContext: initialization completed in 1809 ms
2020-08-02 00:23:39,936 [main] INFO  [o.s.scheduling.concurrent.ThreadPoolTaskExecutor] ExecutorConfigurationSupport.java:171 - Initializing ExecutorService 'applicationTaskExecutor'
2020-08-02 00:23:40,559 [main] INFO  [o.s.b.actuate.endpoint.web.EndpointLinksResolver] EndpointLinksResolver.java:59 - Exposing 2 endpoint(s) beneath base path '/actuator'
2020-08-02 00:23:40,664 [main] INFO  [org.apache.coyote.http11.Http11NioProtocol] DirectJDKLog.java:173 - Starting ProtocolHandler ["http-nio-8081"]
2020-08-02 00:23:40,771 [main] INFO  [o.s.boot.web.embedded.tomcat.TomcatWebServer] TomcatWebServer.java:204 - Tomcat started on port(s): 8081 (http) with context path ''
2020-08-02 00:23:40,774 [main] INFO  [org.it.finalwork.Application] StartupInfoLogger.java:59 - Started Application in 4.035 seconds (JVM running for 5.964)
2020-08-02 00:23:41,210 [RMI TCP Connection(6)-127.0.0.1] INFO  [o.a.c.core.ContainerBase.[Tomcat].[localhost].[/]] DirectJDKLog.java:173 - Initializing Spring DispatcherServlet 'dispatcherServlet'
2020-08-02 00:23:41,210 [RMI TCP Connection(6)-127.0.0.1] INFO  [org.springframework.web.servlet.DispatcherServlet] FrameworkServlet.java:524 - Initializing Servlet 'dispatcherServlet'
2020-08-02 00:23:41,230 [RMI TCP Connection(6)-127.0.0.1] INFO  [org.springframework.web.servlet.DispatcherServlet] FrameworkServlet.java:546 - Completed initialization in 19 ms
2020-08-02 00:24:21,741 [Thread-12] INFO  [o.s.scheduling.concurrent.ThreadPoolTaskExecutor] ExecutorConfigurationSupport.java:208 - Shutting down ExecutorService 'applicationTaskExecutor'
2020-08-02 00:24:27,024 [main] INFO  [org.it.finalwork.Application] StartupInfoLogger.java:50 - Starting Application on wucp-PC with PID 11176 (started by wucp in /home/wucp/桌面/spring-boot-starter)
2020-08-02 00:24:27,028 [main] INFO  [org.it.finalwork.Application] SpringApplication.java:675 - No active profile set, falling back to default profiles: default
2020-08-02 00:24:28,521 [main] INFO  [o.s.boot.web.embedded.tomcat.TomcatWebServer] TomcatWebServer.java:90 - Tomcat initialized with port(s): 8081 (http)
2020-08-02 00:24:28,540 [main] INFO  [org.apache.coyote.http11.Http11NioProtocol] DirectJDKLog.java:173 - Initializing ProtocolHandler ["http-nio-8081"]
2020-08-02 00:24:28,555 [main] INFO  [org.apache.catalina.core.StandardService] DirectJDKLog.java:173 - Starting service [Tomcat]
2020-08-02 00:24:28,556 [main] INFO  [org.apache.catalina.core.StandardEngine] DirectJDKLog.java:173 - Starting Servlet engine: [Apache Tomcat/9.0.17]
2020-08-02 00:24:28,694 [main] INFO  [o.a.c.core.ContainerBase.[Tomcat].[localhost].[/]] DirectJDKLog.java:173 - Initializing Spring embedded WebApplicationContext
2020-08-02 00:24:28,695 [main] INFO  [org.springframework.web.context.ContextLoader] ServletWebServerApplicationContext.java:296 - Root WebApplicationContext: initialization completed in 1618 ms
2020-08-02 00:24:29,226 [main] INFO  [o.s.scheduling.concurrent.ThreadPoolTaskExecutor] ExecutorConfigurationSupport.java:171 - Initializing ExecutorService 'applicationTaskExecutor'
2020-08-02 00:24:29,709 [main] INFO  [o.s.b.actuate.endpoint.web.EndpointLinksResolver] EndpointLinksResolver.java:59 - Exposing 2 endpoint(s) beneath base path '/actuator'
2020-08-02 00:24:29,752 [main] INFO  [org.apache.coyote.http11.Http11NioProtocol] DirectJDKLog.java:173 - Starting ProtocolHandler ["http-nio-8081"]
2020-08-02 00:24:29,770 [main] INFO  [o.s.boot.web.embedded.tomcat.TomcatWebServer] TomcatWebServer.java:204 - Tomcat started on port(s): 8081 (http) with context path ''
2020-08-02 00:24:29,773 [main] INFO  [org.it.finalwork.Application] StartupInfoLogger.java:59 - Started Application in 3.885 seconds (JVM running for 5.469)
2020-08-02 00:24:30,403 [RMI TCP Connection(1)-127.0.0.1] INFO  [o.a.c.core.ContainerBase.[Tomcat].[localhost].[/]] DirectJDKLog.java:173 - Initializing Spring DispatcherServlet 'dispatcherServlet'
2020-08-02 00:24:30,404 [RMI TCP Connection(1)-127.0.0.1] INFO  [org.springframework.web.servlet.DispatcherServlet] FrameworkServlet.java:524 - Initializing Servlet 'dispatcherServlet'
2020-08-02 00:24:30,413 [RMI TCP Connection(1)-127.0.0.1] INFO  [org.springframework.web.servlet.DispatcherServlet] FrameworkServlet.java:546 - Completed initialization in 8 ms
2020-08-02 00:25:46,670 [Thread-12] INFO  [o.s.scheduling.concurrent.ThreadPoolTaskExecutor] ExecutorConfigurationSupport.java:208 - Shutting down ExecutorService 'applicationTaskExecutor'
2020-08-02 00:28:11,962 [main] INFO  [org.it.finalwork.Application] StartupInfoLogger.java:50 - Starting Application on wucp-PC with PID 12170 (started by wucp in /home/wucp/桌面/spring-boot-starter)
2020-08-02 00:28:11,966 [main] INFO  [org.it.finalwork.Application] SpringApplication.java:675 - No active profile set, falling back to default profiles: default
2020-08-02 00:28:13,313 [main] INFO  [o.s.boot.web.embedded.tomcat.TomcatWebServer] TomcatWebServer.java:90 - Tomcat initialized with port(s): 8081 (http)
2020-08-02 00:28:13,336 [main] INFO  [org.apache.coyote.http11.Http11NioProtocol] DirectJDKLog.java:173 - Initializing ProtocolHandler ["http-nio-8081"]
2020-08-02 00:28:13,354 [main] INFO  [org.apache.catalina.core.StandardService] DirectJDKLog.java:173 - Starting service [Tomcat]
2020-08-02 00:28:13,354 [main] INFO  [org.apache.catalina.core.StandardEngine] DirectJDKLog.java:173 - Starting Servlet engine: [Apache Tomcat/9.0.17]
2020-08-02 00:28:13,482 [main] INFO  [o.a.c.core.ContainerBase.[Tomcat].[localhost].[/]] DirectJDKLog.java:173 - Initializing Spring embedded WebApplicationContext
2020-08-02 00:28:13,483 [main] INFO  [org.springframework.web.context.ContextLoader] ServletWebServerApplicationContext.java:296 - Root WebApplicationContext: initialization completed in 1464 ms
2020-08-02 00:28:13,939 [main] INFO  [o.s.scheduling.concurrent.ThreadPoolTaskExecutor] ExecutorConfigurationSupport.java:171 - Initializing ExecutorService 'applicationTaskExecutor'
2020-08-02 00:28:14,391 [main] INFO  [o.s.b.actuate.endpoint.web.EndpointLinksResolver] EndpointLinksResolver.java:59 - Exposing 2 endpoint(s) beneath base path '/actuator'
2020-08-02 00:28:14,439 [main] INFO  [org.apache.coyote.http11.Http11NioProtocol] DirectJDKLog.java:173 - Starting ProtocolHandler ["http-nio-8081"]
2020-08-02 00:28:14,456 [main] INFO  [o.s.boot.web.embedded.tomcat.TomcatWebServer] TomcatWebServer.java:204 - Tomcat started on port(s): 8081 (http) with context path ''
2020-08-02 00:28:14,459 [main] INFO  [org.it.finalwork.Application] StartupInfoLogger.java:59 - Started Application in 3.365 seconds (JVM running for 5.409)
2020-08-02 00:28:15,031 [RMI TCP Connection(3)-127.0.0.1] INFO  [o.a.c.core.ContainerBase.[Tomcat].[localhost].[/]] DirectJDKLog.java:173 - Initializing Spring DispatcherServlet 'dispatcherServlet'
2020-08-02 00:28:15,032 [RMI TCP Connection(3)-127.0.0.1] INFO  [org.springframework.web.servlet.DispatcherServlet] FrameworkServlet.java:524 - Initializing Servlet 'dispatcherServlet'
2020-08-02 00:28:15,042 [RMI TCP Connection(3)-127.0.0.1] INFO  [org.springframework.web.servlet.DispatcherServlet] FrameworkServlet.java:546 - Completed initialization in 10 ms
2020-08-02 00:31:38,910 [Thread-12] INFO  [o.s.scheduling.concurrent.ThreadPoolTaskExecutor] ExecutorConfigurationSupport.java:208 - Shutting down ExecutorService 'applicationTaskExecutor'
2020-08-02 00:31:45,998 [main] INFO  [org.it.finalwork.Application] StartupInfoLogger.java:50 - Starting Application on wucp-PC with PID 13048 (started by wucp in /home/wucp/桌面/spring-boot-starter)
2020-08-02 00:31:46,007 [main] INFO  [org.it.finalwork.Application] SpringApplication.java:675 - No active profile set, falling back to default profiles: default
2020-08-02 00:31:47,501 [main] INFO  [o.s.boot.web.embedded.tomcat.TomcatWebServer] TomcatWebServer.java:90 - Tomcat initialized with port(s): 8081 (http)
2020-08-02 00:31:47,519 [main] INFO  [org.apache.coyote.http11.Http11NioProtocol] DirectJDKLog.java:173 - Initializing ProtocolHandler ["http-nio-8081"]
2020-08-02 00:31:47,539 [main] INFO  [org.apache.catalina.core.StandardService] DirectJDKLog.java:173 - Starting service [Tomcat]
2020-08-02 00:31:47,539 [main] INFO  [org.apache.catalina.core.StandardEngine] DirectJDKLog.java:173 - Starting Servlet engine: [Apache Tomcat/9.0.17]
2020-08-02 00:31:47,645 [main] INFO  [o.a.c.core.ContainerBase.[Tomcat].[localhost].[/]] DirectJDKLog.java:173 - Initializing Spring embedded WebApplicationContext
2020-08-02 00:31:47,645 [main] INFO  [org.springframework.web.context.ContextLoader] ServletWebServerApplicationContext.java:296 - Root WebApplicationContext: initialization completed in 1566 ms
2020-08-02 00:31:48,217 [main] INFO  [o.s.scheduling.concurrent.ThreadPoolTaskExecutor] ExecutorConfigurationSupport.java:171 - Initializing ExecutorService 'applicationTaskExecutor'
2020-08-02 00:31:48,623 [main] INFO  [o.s.b.actuate.endpoint.web.EndpointLinksResolver] EndpointLinksResolver.java:59 - Exposing 2 endpoint(s) beneath base path '/actuator'
2020-08-02 00:31:48,688 [main] INFO  [org.apache.coyote.http11.Http11NioProtocol] DirectJDKLog.java:173 - Starting ProtocolHandler ["http-nio-8081"]
2020-08-02 00:31:48,717 [main] INFO  [o.s.boot.web.embedded.tomcat.TomcatWebServer] TomcatWebServer.java:204 - Tomcat started on port(s): 8081 (http) with context path ''
2020-08-02 00:31:48,720 [main] INFO  [org.it.finalwork.Application] StartupInfoLogger.java:59 - Started Application in 3.761 seconds (JVM running for 6.093)
2020-08-02 00:31:48,847 [RMI TCP Connection(3)-127.0.0.1] INFO  [o.a.c.core.ContainerBase.[Tomcat].[localhost].[/]] DirectJDKLog.java:173 - Initializing Spring DispatcherServlet 'dispatcherServlet'
2020-08-02 00:31:48,848 [RMI TCP Connection(3)-127.0.0.1] INFO  [org.springframework.web.servlet.DispatcherServlet] FrameworkServlet.java:524 - Initializing Servlet 'dispatcherServlet'
2020-08-02 00:31:48,860 [RMI TCP Connection(3)-127.0.0.1] INFO  [org.springframework.web.servlet.DispatcherServlet] FrameworkServlet.java:546 - Completed initialization in 11 ms
2020-08-02 00:36:16,942 [Thread-12] INFO  [o.s.scheduling.concurrent.ThreadPoolTaskExecutor] ExecutorConfigurationSupport.java:208 - Shutting down ExecutorService 'applicationTaskExecutor'
2020-08-02 00:39:36,643 [main] INFO  [org.it.finalwork.Application] StartupInfoLogger.java:50 - Starting Application on wucp-PC with PID 14737 (started by wucp in /home/wucp/桌面/spring-boot-starter)
2020-08-02 00:39:36,648 [main] INFO  [org.it.finalwork.Application] SpringApplication.java:675 - No active profile set, falling back to default profiles: default
2020-08-02 00:39:38,157 [main] INFO  [o.s.boot.web.embedded.tomcat.TomcatWebServer] TomcatWebServer.java:90 - Tomcat initialized with port(s): 8081 (http)
2020-08-02 00:39:38,179 [main] INFO  [org.apache.coyote.http11.Http11NioProtocol] DirectJDKLog.java:173 - Initializing ProtocolHandler ["http-nio-8081"]
2020-08-02 00:39:38,195 [main] INFO  [org.apache.catalina.core.StandardService] DirectJDKLog.java:173 - Starting service [Tomcat]
2020-08-02 00:39:38,195 [main] INFO  [org.apache.catalina.core.StandardEngine] DirectJDKLog.java:173 - Starting Servlet engine: [Apache Tomcat/9.0.17]
2020-08-02 00:39:38,317 [main] INFO  [o.a.c.core.ContainerBase.[Tomcat].[localhost].[/]] DirectJDKLog.java:173 - Initializing Spring embedded WebApplicationContext
2020-08-02 00:39:38,317 [main] INFO  [org.springframework.web.context.ContextLoader] ServletWebServerApplicationContext.java:296 - Root WebApplicationContext: initialization completed in 1611 ms
2020-08-02 00:39:38,898 [main] INFO  [o.s.scheduling.concurrent.ThreadPoolTaskExecutor] ExecutorConfigurationSupport.java:171 - Initializing ExecutorService 'applicationTaskExecutor'
2020-08-02 00:39:39,380 [main] INFO  [o.s.b.actuate.endpoint.web.EndpointLinksResolver] EndpointLinksResolver.java:59 - Exposing 2 endpoint(s) beneath base path '/actuator'
2020-08-02 00:39:39,482 [main] INFO  [org.apache.coyote.http11.Http11NioProtocol] DirectJDKLog.java:173 - Starting ProtocolHandler ["http-nio-8081"]
2020-08-02 00:39:39,525 [main] INFO  [o.s.boot.web.embedded.tomcat.TomcatWebServer] TomcatWebServer.java:204 - Tomcat started on port(s): 8081 (http) with context path ''
2020-08-02 00:39:39,534 [main] INFO  [org.it.finalwork.Application] StartupInfoLogger.java:59 - Started Application in 3.856 seconds (JVM running for 5.764)
2020-08-02 00:39:39,722 [RMI TCP Connection(2)-127.0.0.1] INFO  [o.a.c.core.ContainerBase.[Tomcat].[localhost].[/]] DirectJDKLog.java:173 - Initializing Spring DispatcherServlet 'dispatcherServlet'
2020-08-02 00:39:39,724 [RMI TCP Connection(2)-127.0.0.1] INFO  [org.springframework.web.servlet.DispatcherServlet] FrameworkServlet.java:524 - Initializing Servlet 'dispatcherServlet'
2020-08-02 00:39:39,754 [RMI TCP Connection(2)-127.0.0.1] INFO  [org.springframework.web.servlet.DispatcherServlet] FrameworkServlet.java:546 - Completed initialization in 28 ms
2020-08-02 00:42:30,580 [Thread-10] INFO  [o.s.scheduling.concurrent.ThreadPoolTaskExecutor] ExecutorConfigurationSupport.java:208 - Shutting down ExecutorService 'applicationTaskExecutor'
2020-08-02 00:52:52,317 [main] INFO  [org.it.finalwork.Application] StartupInfoLogger.java:50 - Starting Application on wucp-PC with PID 17506 (started by wucp in /home/wucp/桌面/spring-boot-starter)
2020-08-02 00:52:52,322 [main] INFO  [org.it.finalwork.Application] SpringApplication.java:675 - No active profile set, falling back to default profiles: default
2020-08-02 00:52:54,605 [main] INFO  [o.s.boot.web.embedded.tomcat.TomcatWebServer] TomcatWebServer.java:90 - Tomcat initialized with port(s): 8081 (http)
2020-08-02 00:52:54,628 [main] INFO  [org.apache.coyote.http11.Http11NioProtocol] DirectJDKLog.java:173 - Initializing ProtocolHandler ["http-nio-8081"]
2020-08-02 00:52:54,649 [main] INFO  [org.apache.catalina.core.StandardService] DirectJDKLog.java:173 - Starting service [Tomcat]
2020-08-02 00:52:54,650 [main] INFO  [org.apache.catalina.core.StandardEngine] DirectJDKLog.java:173 - Starting Servlet engine: [Apache Tomcat/9.0.17]
2020-08-02 00:52:54,847 [main] INFO  [o.a.c.core.ContainerBase.[Tomcat].[localhost].[/]] DirectJDKLog.java:173 - Initializing Spring embedded WebApplicationContext
2020-08-02 00:52:54,848 [main] INFO  [org.springframework.web.context.ContextLoader] ServletWebServerApplicationContext.java:296 - Root WebApplicationContext: initialization completed in 2425 ms
2020-08-02 00:52:55,717 [main] INFO  [o.s.scheduling.concurrent.ThreadPoolTaskExecutor] ExecutorConfigurationSupport.java:171 - Initializing ExecutorService 'applicationTaskExecutor'
2020-08-02 00:52:56,779 [main] INFO  [o.s.b.actuate.endpoint.web.EndpointLinksResolver] EndpointLinksResolver.java:59 - Exposing 2 endpoint(s) beneath base path '/actuator'
2020-08-02 00:52:56,844 [main] INFO  [org.apache.coyote.http11.Http11NioProtocol] DirectJDKLog.java:173 - Starting ProtocolHandler ["http-nio-8081"]
2020-08-02 00:52:56,939 [main] INFO  [o.s.boot.web.embedded.tomcat.TomcatWebServer] TomcatWebServer.java:204 - Tomcat started on port(s): 8081 (http) with context path ''
2020-08-02 00:52:56,954 [main] INFO  [org.it.finalwork.Application] StartupInfoLogger.java:59 - Started Application in 6.282 seconds (JVM running for 8.91)
2020-08-02 00:52:57,106 [RMI TCP Connection(4)-127.0.0.1] INFO  [o.a.c.core.ContainerBase.[Tomcat].[localhost].[/]] DirectJDKLog.java:173 - Initializing Spring DispatcherServlet 'dispatcherServlet'
2020-08-02 00:52:57,107 [RMI TCP Connection(4)-127.0.0.1] INFO  [org.springframework.web.servlet.DispatcherServlet] FrameworkServlet.java:524 - Initializing Servlet 'dispatcherServlet'
2020-08-02 00:52:57,127 [RMI TCP Connection(4)-127.0.0.1] INFO  [org.springframework.web.servlet.DispatcherServlet] FrameworkServlet.java:546 - Completed initialization in 20 ms
2020-08-02 00:54:58,047 [Thread-7] INFO  [o.s.scheduling.concurrent.ThreadPoolTaskExecutor] ExecutorConfigurationSupport.java:208 - Shutting down ExecutorService 'applicationTaskExecutor'
2020-08-02 00:55:05,929 [main] INFO  [org.it.finalwork.Application] StartupInfoLogger.java:50 - Starting Application on wucp-PC with PID 18123 (started by wucp in /home/wucp/桌面/spring-boot-starter)
2020-08-02 00:55:05,932 [main] INFO  [org.it.finalwork.Application] SpringApplication.java:675 - No active profile set, falling back to default profiles: default
2020-08-02 00:55:08,434 [main] INFO  [o.s.boot.web.embedded.tomcat.TomcatWebServer] TomcatWebServer.java:90 - Tomcat initialized with port(s): 8081 (http)
2020-08-02 00:55:08,455 [main] INFO  [org.apache.coyote.http11.Http11NioProtocol] DirectJDKLog.java:173 - Initializing ProtocolHandler ["http-nio-8081"]
2020-08-02 00:55:08,481 [main] INFO  [org.apache.catalina.core.StandardService] DirectJDKLog.java:173 - Starting service [Tomcat]
2020-08-02 00:55:08,482 [main] INFO  [org.apache.catalina.core.StandardEngine] DirectJDKLog.java:173 - Starting Servlet engine: [Apache Tomcat/9.0.17]
2020-08-02 00:55:08,616 [main] INFO  [o.a.c.core.ContainerBase.[Tomcat].[localhost].[/]] DirectJDKLog.java:173 - Initializing Spring embedded WebApplicationContext
2020-08-02 00:55:08,617 [main] INFO  [org.springframework.web.context.ContextLoader] ServletWebServerApplicationContext.java:296 - Root WebApplicationContext: initialization completed in 2588 ms
2020-08-02 00:55:09,414 [main] INFO  [o.s.scheduling.concurrent.ThreadPoolTaskExecutor] ExecutorConfigurationSupport.java:171 - Initializing ExecutorService 'applicationTaskExecutor'
2020-08-02 00:55:10,266 [main] INFO  [o.s.b.actuate.endpoint.web.EndpointLinksResolver] EndpointLinksResolver.java:59 - Exposing 2 endpoint(s) beneath base path '/actuator'
2020-08-02 00:55:10,415 [main] INFO  [org.apache.coyote.http11.Http11NioProtocol] DirectJDKLog.java:173 - Starting ProtocolHandler ["http-nio-8081"]
2020-08-02 00:55:10,522 [main] INFO  [o.s.boot.web.embedded.tomcat.TomcatWebServer] TomcatWebServer.java:204 - Tomcat started on port(s): 8081 (http) with context path ''
2020-08-02 00:55:10,526 [main] INFO  [org.it.finalwork.Application] StartupInfoLogger.java:59 - Started Application in 6.148 seconds (JVM running for 8.997)
2020-08-02 00:55:12,556 [RMI TCP Connection(7)-127.0.0.1] INFO  [o.a.c.core.ContainerBase.[Tomcat].[localhost].[/]] DirectJDKLog.java:173 - Initializing Spring DispatcherServlet 'dispatcherServlet'
2020-08-02 00:55:12,557 [RMI TCP Connection(7)-127.0.0.1] INFO  [org.springframework.web.servlet.DispatcherServlet] FrameworkServlet.java:524 - Initializing Servlet 'dispatcherServlet'
2020-08-02 00:55:12,618 [RMI TCP Connection(7)-127.0.0.1] INFO  [org.springframework.web.servlet.DispatcherServlet] FrameworkServlet.java:546 - Completed initialization in 60 ms
2020-08-02 00:56:12,405 [Thread-8] INFO  [o.s.scheduling.concurrent.ThreadPoolTaskExecutor] ExecutorConfigurationSupport.java:208 - Shutting down ExecutorService 'applicationTaskExecutor'
2020-08-02 01:06:05,337 [main] INFO  [org.it.finalwork.Application] StartupInfoLogger.java:50 - Starting Application on wucp-PC with PID 21006 (started by wucp in /home/wucp/桌面/spring-boot-starter)
2020-08-02 01:06:05,342 [main] INFO  [org.it.finalwork.Application] SpringApplication.java:675 - No active profile set, falling back to default profiles: default
2020-08-02 01:06:08,409 [main] INFO  [o.s.boot.web.embedded.tomcat.TomcatWebServer] TomcatWebServer.java:90 - Tomcat initialized with port(s): 8081 (http)
2020-08-02 01:06:08,444 [main] INFO  [org.apache.coyote.http11.Http11NioProtocol] DirectJDKLog.java:173 - Initializing ProtocolHandler ["http-nio-8081"]
2020-08-02 01:06:08,466 [main] INFO  [org.apache.catalina.core.StandardService] DirectJDKLog.java:173 - Starting service [Tomcat]
2020-08-02 01:06:08,466 [main] INFO  [org.apache.catalina.core.StandardEngine] DirectJDKLog.java:173 - Starting Servlet engine: [Apache Tomcat/9.0.17]
2020-08-02 01:06:08,657 [main] INFO  [o.a.c.core.ContainerBase.[Tomcat].[localhost].[/]] DirectJDKLog.java:173 - Initializing Spring embedded WebApplicationContext
2020-08-02 01:06:08,659 [main] INFO  [org.springframework.web.context.ContextLoader] ServletWebServerApplicationContext.java:296 - Root WebApplicationContext: initialization completed in 3207 ms
2020-08-02 01:06:09,368 [main] INFO  [o.s.scheduling.concurrent.ThreadPoolTaskExecutor] ExecutorConfigurationSupport.java:171 - Initializing ExecutorService 'applicationTaskExecutor'
2020-08-02 01:06:10,344 [main] INFO  [o.s.b.actuate.endpoint.web.EndpointLinksResolver] EndpointLinksResolver.java:59 - Exposing 2 endpoint(s) beneath base path '/actuator'
2020-08-02 01:06:10,455 [main] INFO  [org.apache.coyote.http11.Http11NioProtocol] DirectJDKLog.java:173 - Starting ProtocolHandler ["http-nio-8081"]
2020-08-02 01:06:10,521 [main] INFO  [o.s.boot.web.embedded.tomcat.TomcatWebServer] TomcatWebServer.java:204 - Tomcat started on port(s): 8081 (http) with context path ''
2020-08-02 01:06:10,529 [main] INFO  [org.it.finalwork.Application] StartupInfoLogger.java:59 - Started Application in 6.887 seconds (JVM running for 9.69)
2020-08-02 01:06:10,667 [RMI TCP Connection(5)-127.0.0.1] INFO  [o.a.c.core.ContainerBase.[Tomcat].[localhost].[/]] DirectJDKLog.java:173 - Initializing Spring DispatcherServlet 'dispatcherServlet'
2020-08-02 01:06:10,667 [RMI TCP Connection(5)-127.0.0.1] INFO  [org.springframework.web.servlet.DispatcherServlet] FrameworkServlet.java:524 - Initializing Servlet 'dispatcherServlet'
2020-08-02 01:06:10,685 [RMI TCP Connection(5)-127.0.0.1] INFO  [org.springframework.web.servlet.DispatcherServlet] FrameworkServlet.java:546 - Completed initialization in 17 ms
2020-08-02 01:07:22,100 [Thread-8] INFO  [o.s.scheduling.concurrent.ThreadPoolTaskExecutor] ExecutorConfigurationSupport.java:208 - Shutting down ExecutorService 'applicationTaskExecutor'
2020-08-02 01:34:16,143 [main] INFO  [org.it.finalwork.Application] StartupInfoLogger.java:50 - Starting Application on wucp-PC with PID 11434 (started by wucp in /home/wucp/桌面/spring-boot-starter)
2020-08-02 01:34:16,147 [main] INFO  [org.it.finalwork.Application] SpringApplication.java:675 - No active profile set, falling back to default profiles: default
2020-08-02 01:34:17,463 [main] INFO  [o.s.boot.web.embedded.tomcat.TomcatWebServer] TomcatWebServer.java:90 - Tomcat initialized with port(s): 8081 (http)
2020-08-02 01:34:17,479 [main] INFO  [org.apache.coyote.http11.Http11NioProtocol] DirectJDKLog.java:173 - Initializing ProtocolHandler ["http-nio-8081"]
2020-08-02 01:34:17,490 [main] INFO  [org.apache.catalina.core.StandardService] DirectJDKLog.java:173 - Starting service [Tomcat]
2020-08-02 01:34:17,490 [main] INFO  [org.apache.catalina.core.StandardEngine] DirectJDKLog.java:173 - Starting Servlet engine: [Apache Tomcat/9.0.17]
2020-08-02 01:34:17,581 [main] INFO  [o.a.c.core.ContainerBase.[Tomcat].[localhost].[/]] DirectJDKLog.java:173 - Initializing Spring embedded WebApplicationContext
2020-08-02 01:34:17,582 [main] INFO  [org.springframework.web.context.ContextLoader] ServletWebServerApplicationContext.java:296 - Root WebApplicationContext: initialization completed in 1372 ms
2020-08-02 01:34:18,044 [main] INFO  [o.s.scheduling.concurrent.ThreadPoolTaskExecutor] ExecutorConfigurationSupport.java:171 - Initializing ExecutorService 'applicationTaskExecutor'
2020-08-02 01:34:18,403 [main] INFO  [o.s.b.actuate.endpoint.web.EndpointLinksResolver] EndpointLinksResolver.java:59 - Exposing 2 endpoint(s) beneath base path '/actuator'
2020-08-02 01:34:18,449 [main] INFO  [org.apache.coyote.http11.Http11NioProtocol] DirectJDKLog.java:173 - Starting ProtocolHandler ["http-nio-8081"]
2020-08-02 01:34:18,467 [main] INFO  [o.s.boot.web.embedded.tomcat.TomcatWebServer] TomcatWebServer.java:204 - Tomcat started on port(s): 8081 (http) with context path ''
2020-08-02 01:34:18,470 [main] INFO  [org.it.finalwork.Application] StartupInfoLogger.java:59 - Started Application in 3.163 seconds (JVM running for 5.197)
2020-08-02 01:34:18,969 [RMI TCP Connection(3)-127.0.0.1] INFO  [o.a.c.core.ContainerBase.[Tomcat].[localhost].[/]] DirectJDKLog.java:173 - Initializing Spring DispatcherServlet 'dispatcherServlet'
2020-08-02 01:34:18,969 [RMI TCP Connection(3)-127.0.0.1] INFO  [org.springframework.web.servlet.DispatcherServlet] FrameworkServlet.java:524 - Initializing Servlet 'dispatcherServlet'
2020-08-02 01:34:18,978 [RMI TCP Connection(3)-127.0.0.1] INFO  [org.springframework.web.servlet.DispatcherServlet] FrameworkServlet.java:546 - Completed initialization in 8 ms
2020-08-02 01:37:47,836 [Thread-10] INFO  [o.s.scheduling.concurrent.ThreadPoolTaskExecutor] ExecutorConfigurationSupport.java:208 - Shutting down ExecutorService 'applicationTaskExecutor'
2020-08-02 01:43:26,651 [main] INFO  [org.it.finalwork.Application] StartupInfoLogger.java:50 - Starting Application on wucp-PC with PID 13861 (started by wucp in /home/wucp/桌面/spring-boot-starter)
2020-08-02 01:43:26,655 [main] INFO  [org.it.finalwork.Application] SpringApplication.java:675 - No active profile set, falling back to default profiles: default
2020-08-02 01:43:28,127 [main] INFO  [o.s.boot.web.embedded.tomcat.TomcatWebServer] TomcatWebServer.java:90 - Tomcat initialized with port(s): 8081 (http)
2020-08-02 01:43:28,144 [main] INFO  [org.apache.coyote.http11.Http11NioProtocol] DirectJDKLog.java:173 - Initializing ProtocolHandler ["http-nio-8081"]
2020-08-02 01:43:28,156 [main] INFO  [org.apache.catalina.core.StandardService] DirectJDKLog.java:173 - Starting service [Tomcat]
2020-08-02 01:43:28,157 [main] INFO  [org.apache.catalina.core.StandardEngine] DirectJDKLog.java:173 - Starting Servlet engine: [Apache Tomcat/9.0.17]
2020-08-02 01:43:28,259 [main] INFO  [o.a.c.core.ContainerBase.[Tomcat].[localhost].[/]] DirectJDKLog.java:173 - Initializing Spring embedded WebApplicationContext
2020-08-02 01:43:28,260 [main] INFO  [org.springframework.web.context.ContextLoader] ServletWebServerApplicationContext.java:296 - Root WebApplicationContext: initialization completed in 1545 ms
2020-08-02 01:43:28,857 [main] INFO  [o.s.scheduling.concurrent.ThreadPoolTaskExecutor] ExecutorConfigurationSupport.java:171 - Initializing ExecutorService 'applicationTaskExecutor'
2020-08-02 01:43:29,544 [main] INFO  [o.s.b.actuate.endpoint.web.EndpointLinksResolver] EndpointLinksResolver.java:59 - Exposing 2 endpoint(s) beneath base path '/actuator'
2020-08-02 01:43:29,610 [main] INFO  [org.apache.coyote.http11.Http11NioProtocol] DirectJDKLog.java:173 - Starting ProtocolHandler ["http-nio-8081"]
2020-08-02 01:43:29,634 [main] INFO  [o.s.boot.web.embedded.tomcat.TomcatWebServer] TomcatWebServer.java:204 - Tomcat started on port(s): 8081 (http) with context path ''
2020-08-02 01:43:29,638 [main] INFO  [org.it.finalwork.Application] StartupInfoLogger.java:59 - Started Application in 3.941 seconds (JVM running for 5.686)
2020-08-02 01:43:29,868 [RMI TCP Connection(4)-127.0.0.1] INFO  [o.a.c.core.ContainerBase.[Tomcat].[localhost].[/]] DirectJDKLog.java:173 - Initializing Spring DispatcherServlet 'dispatcherServlet'
2020-08-02 01:43:29,869 [RMI TCP Connection(4)-127.0.0.1] INFO  [org.springframework.web.servlet.DispatcherServlet] FrameworkServlet.java:524 - Initializing Servlet 'dispatcherServlet'
2020-08-02 01:43:29,884 [RMI TCP Connection(4)-127.0.0.1] INFO  [org.springframework.web.servlet.DispatcherServlet] FrameworkServlet.java:546 - Completed initialization in 14 ms
2020-08-02 01:44:17,639 [Thread-12] INFO  [o.s.scheduling.concurrent.ThreadPoolTaskExecutor] ExecutorConfigurationSupport.java:208 - Shutting down ExecutorService 'applicationTaskExecutor'
2020-08-02 01:47:05,241 [main] INFO  [org.it.finalwork.Application] StartupInfoLogger.java:50 - Starting Application on wucp-PC with PID 14739 (started by wucp in /home/wucp/桌面/spring-boot-starter)
2020-08-02 01:47:05,245 [main] INFO  [org.it.finalwork.Application] SpringApplication.java:675 - No active profile set, falling back to default profiles: default
2020-08-02 01:47:06,627 [main] INFO  [o.s.boot.web.embedded.tomcat.TomcatWebServer] TomcatWebServer.java:90 - Tomcat initialized with port(s): 8081 (http)
2020-08-02 01:47:06,657 [main] INFO  [org.apache.coyote.http11.Http11NioProtocol] DirectJDKLog.java:173 - Initializing ProtocolHandler ["http-nio-8081"]
2020-08-02 01:47:06,677 [main] INFO  [org.apache.catalina.core.StandardService] DirectJDKLog.java:173 - Starting service [Tomcat]
2020-08-02 01:47:06,678 [main] INFO  [org.apache.catalina.core.StandardEngine] DirectJDKLog.java:173 - Starting Servlet engine: [Apache Tomcat/9.0.17]
2020-08-02 01:47:06,838 [main] INFO  [o.a.c.core.ContainerBase.[Tomcat].[localhost].[/]] DirectJDKLog.java:173 - Initializing Spring embedded WebApplicationContext
2020-08-02 01:47:06,838 [main] INFO  [org.springframework.web.context.ContextLoader] ServletWebServerApplicationContext.java:296 - Root WebApplicationContext: initialization completed in 1530 ms
2020-08-02 01:47:07,543 [main] INFO  [o.s.scheduling.concurrent.ThreadPoolTaskExecutor] ExecutorConfigurationSupport.java:171 - Initializing ExecutorService 'applicationTaskExecutor'
2020-08-02 01:47:07,988 [main] INFO  [o.s.b.actuate.endpoint.web.EndpointLinksResolver] EndpointLinksResolver.java:59 - Exposing 2 endpoint(s) beneath base path '/actuator'
2020-08-02 01:47:08,032 [main] INFO  [org.apache.coyote.http11.Http11NioProtocol] DirectJDKLog.java:173 - Starting ProtocolHandler ["http-nio-8081"]
2020-08-02 01:47:08,048 [main] INFO  [o.s.boot.web.embedded.tomcat.TomcatWebServer] TomcatWebServer.java:204 - Tomcat started on port(s): 8081 (http) with context path ''
2020-08-02 01:47:08,051 [main] INFO  [org.it.finalwork.Application] StartupInfoLogger.java:59 - Started Application in 3.617 seconds (JVM running for 5.627)
2020-08-02 01:47:08,330 [http-nio-8081-exec-1] INFO  [o.a.c.core.ContainerBase.[Tomcat].[localhost].[/]] DirectJDKLog.java:173 - Initializing Spring DispatcherServlet 'dispatcherServlet'
2020-08-02 01:47:08,332 [http-nio-8081-exec-1] INFO  [org.springframework.web.servlet.DispatcherServlet] FrameworkServlet.java:524 - Initializing Servlet 'dispatcherServlet'
2020-08-02 01:47:08,340 [http-nio-8081-exec-1] INFO  [org.springframework.web.servlet.DispatcherServlet] FrameworkServlet.java:546 - Completed initialization in 7 ms
2020-08-02 01:48:18,379 [Thread-10] INFO  [o.s.scheduling.concurrent.ThreadPoolTaskExecutor] ExecutorConfigurationSupport.java:208 - Shutting down ExecutorService 'applicationTaskExecutor'
2020-08-02 02:06:37,147 [main] INFO  [org.it.finalwork.Application] StartupInfoLogger.java:50 - Starting Application on wucp-PC with PID 19871 (started by wucp in /home/wucp/桌面/spring-boot-starter)
2020-08-02 02:06:37,150 [main] INFO  [org.it.finalwork.Application] SpringApplication.java:675 - No active profile set, falling back to default profiles: default
2020-08-02 02:06:38,463 [main] INFO  [o.s.boot.web.embedded.tomcat.TomcatWebServer] TomcatWebServer.java:90 - Tomcat initialized with port(s): 8081 (http)
2020-08-02 02:06:38,483 [main] INFO  [org.apache.coyote.http11.Http11NioProtocol] DirectJDKLog.java:173 - Initializing ProtocolHandler ["http-nio-8081"]
2020-08-02 02:06:38,498 [main] INFO  [org.apache.catalina.core.StandardService] DirectJDKLog.java:173 - Starting service [Tomcat]
2020-08-02 02:06:38,498 [main] INFO  [org.apache.catalina.core.StandardEngine] DirectJDKLog.java:173 - Starting Servlet engine: [Apache Tomcat/9.0.17]
2020-08-02 02:06:38,587 [main] INFO  [o.a.c.core.ContainerBase.[Tomcat].[localhost].[/]] DirectJDKLog.java:173 - Initializing Spring embedded WebApplicationContext
2020-08-02 02:06:38,587 [main] INFO  [org.springframework.web.context.ContextLoader] ServletWebServerApplicationContext.java:296 - Root WebApplicationContext: initialization completed in 1391 ms
2020-08-02 02:06:39,025 [main] INFO  [o.s.scheduling.concurrent.ThreadPoolTaskExecutor] ExecutorConfigurationSupport.java:171 - Initializing ExecutorService 'applicationTaskExecutor'
2020-08-02 02:06:39,385 [main] INFO  [o.s.b.actuate.endpoint.web.EndpointLinksResolver] EndpointLinksResolver.java:59 - Exposing 2 endpoint(s) beneath base path '/actuator'
2020-08-02 19:39:30,641 [main] INFO  [org.it.finalwork.Application] StartupInfoLogger.java:50 - Starting Application on wucp-PC with PID 10769 (started by wucp in /home/wucp/桌面/spring-boot-starter)
2020-08-02 19:39:30,645 [main] INFO  [org.it.finalwork.Application] SpringApplication.java:675 - No active profile set, falling back to default profiles: default
2020-08-02 19:39:32,101 [main] INFO  [o.s.boot.web.embedded.tomcat.TomcatWebServer] TomcatWebServer.java:90 - Tomcat initialized with port(s): 8081 (http)
2020-08-02 19:39:32,117 [main] INFO  [org.apache.coyote.http11.Http11NioProtocol] DirectJDKLog.java:173 - Initializing ProtocolHandler ["http-nio-8081"]
2020-08-02 19:39:32,129 [main] INFO  [org.apache.catalina.core.StandardService] DirectJDKLog.java:173 - Starting service [Tomcat]
2020-08-02 19:39:32,130 [main] INFO  [org.apache.catalina.core.StandardEngine] DirectJDKLog.java:173 - Starting Servlet engine: [Apache Tomcat/9.0.17]
2020-08-02 19:39:32,220 [main] INFO  [o.a.c.core.ContainerBase.[Tomcat].[localhost].[/]] DirectJDKLog.java:173 - Initializing Spring embedded WebApplicationContext
2020-08-02 19:39:32,220 [main] INFO  [org.springframework.web.context.ContextLoader] ServletWebServerApplicationContext.java:296 - Root WebApplicationContext: initialization completed in 1533 ms
2020-08-02 19:39:32,759 [main] INFO  [o.s.scheduling.concurrent.ThreadPoolTaskExecutor] ExecutorConfigurationSupport.java:171 - Initializing ExecutorService 'applicationTaskExecutor'
2020-08-02 19:39:33,238 [main] INFO  [o.s.b.actuate.endpoint.web.EndpointLinksResolver] EndpointLinksResolver.java:59 - Exposing 2 endpoint(s) beneath base path '/actuator'
2020-08-02 19:39:33,288 [main] INFO  [org.apache.coyote.http11.Http11NioProtocol] DirectJDKLog.java:173 - Starting ProtocolHandler ["http-nio-8081"]
2020-08-02 19:39:33,304 [main] INFO  [o.s.boot.web.embedded.tomcat.TomcatWebServer] TomcatWebServer.java:204 - Tomcat started on port(s): 8081 (http) with context path ''
2020-08-02 19:39:33,307 [main] INFO  [org.it.finalwork.Application] StartupInfoLogger.java:59 - Started Application in 3.492 seconds (JVM running for 5.817)
2020-08-02 19:39:33,645 [RMI TCP Connection(3)-127.0.0.1] INFO  [o.a.c.core.ContainerBase.[Tomcat].[localhost].[/]] DirectJDKLog.java:173 - Initializing Spring DispatcherServlet 'dispatcherServlet'
2020-08-02 19:39:33,645 [RMI TCP Connection(3)-127.0.0.1] INFO  [org.springframework.web.servlet.DispatcherServlet] FrameworkServlet.java:524 - Initializing Servlet 'dispatcherServlet'
2020-08-02 19:39:33,654 [RMI TCP Connection(3)-127.0.0.1] INFO  [org.springframework.web.servlet.DispatcherServlet] FrameworkServlet.java:546 - Completed initialization in 8 ms
2020-08-02 20:37:39,100 [Thread-11] INFO  [o.s.scheduling.concurrent.ThreadPoolTaskExecutor] ExecutorConfigurationSupport.java:208 - Shutting down ExecutorService 'applicationTaskExecutor'
